[0.736s] Invoking command in '/home/david/ros2_mars_ws/src/mars_rover_control': CONDA_PROMPT_MODIFIER=(base) PYTHONPATH=/home/david/ros2_mars_ws/build/mars_rover_control/prefix_override:/usr/lib/python3/dist-packages/colcon_core/task/python/colcon_distutils_commands:/home/david/ros2_mars_ws/install/mars_rover_control/lib/python3.10/site-packages:${PYTHONPATH} /usr/bin/python3 -W ignore:setup.py install is deprecated -W ignore:easy_install command is deprecated setup.py egg_info --egg-base ../../build/mars_rover_control build --build-base /home/david/ros2_mars_ws/build/mars_rover_control/build install --record /home/david/ros2_mars_ws/build/mars_rover_control/install.log --single-version-externally-managed install_data
[0.945s] running egg_info
[0.945s] writing ../../build/mars_rover_control/mars_rover_control.egg-info/PKG-INFO
[0.946s] writing dependency_links to ../../build/mars_rover_control/mars_rover_control.egg-info/dependency_links.txt
[0.946s] writing entry points to ../../build/mars_rover_control/mars_rover_control.egg-info/entry_points.txt
[0.946s] writing requirements to ../../build/mars_rover_control/mars_rover_control.egg-info/requires.txt
[0.946s] writing top-level names to ../../build/mars_rover_control/mars_rover_control.egg-info/top_level.txt
[0.949s] reading manifest file '../../build/mars_rover_control/mars_rover_control.egg-info/SOURCES.txt'
[0.950s] writing manifest file '../../build/mars_rover_control/mars_rover_control.egg-info/SOURCES.txt'
[0.950s] running build
[0.950s] running build_py
[0.951s] copying mars_rover_control/motion_command.py -> /home/david/ros2_mars_ws/build/mars_rover_control/build/lib/mars_rover_control
[0.951s] creating /home/david/ros2_mars_ws/build/mars_rover_control/build/lib/mars_rover_control/envs
[0.952s] copying mars_rover_control/envs/__init__.py -> /home/david/ros2_mars_ws/build/mars_rover_control/build/lib/mars_rover_control/envs
[0.953s] copying mars_rover_control/envs/mars_rover_env.py -> /home/david/ros2_mars_ws/build/mars_rover_control/build/lib/mars_rover_control/envs
[0.954s] running install
[0.954s] running install_lib
[0.956s] copying /home/david/ros2_mars_ws/build/mars_rover_control/build/lib/mars_rover_control/motion_command.py -> /home/david/ros2_mars_ws/install/mars_rover_control/lib/python3.10/site-packages/mars_rover_control
[0.956s] creating /home/david/ros2_mars_ws/install/mars_rover_control/lib/python3.10/site-packages/mars_rover_control/envs
[0.957s] copying /home/david/ros2_mars_ws/build/mars_rover_control/build/lib/mars_rover_control/envs/__init__.py -> /home/david/ros2_mars_ws/install/mars_rover_control/lib/python3.10/site-packages/mars_rover_control/envs
[0.957s] copying /home/david/ros2_mars_ws/build/mars_rover_control/build/lib/mars_rover_control/envs/mars_rover_env.py -> /home/david/ros2_mars_ws/install/mars_rover_control/lib/python3.10/site-packages/mars_rover_control/envs
[0.958s] byte-compiling /home/david/ros2_mars_ws/install/mars_rover_control/lib/python3.10/site-packages/mars_rover_control/motion_command.py to motion_command.cpython-310.pyc
[0.959s] byte-compiling /home/david/ros2_mars_ws/install/mars_rover_control/lib/python3.10/site-packages/mars_rover_control/envs/__init__.py to __init__.cpython-310.pyc
[0.960s] byte-compiling /home/david/ros2_mars_ws/install/mars_rover_control/lib/python3.10/site-packages/mars_rover_control/envs/mars_rover_env.py to mars_rover_env.cpython-310.pyc
[0.962s] running install_data
[0.963s] running install_egg_info
[0.965s] removing '/home/david/ros2_mars_ws/install/mars_rover_control/lib/python3.10/site-packages/mars_rover_control-0.0.0-py3.10.egg-info' (and everything under it)
[0.968s] Copying ../../build/mars_rover_control/mars_rover_control.egg-info to /home/david/ros2_mars_ws/install/mars_rover_control/lib/python3.10/site-packages/mars_rover_control-0.0.0-py3.10.egg-info
[0.970s] running install_scripts
[0.987s] Installing motion_command script to /home/david/ros2_mars_ws/install/mars_rover_control/lib/mars_rover_control
[0.988s] Installing obstacle_detector script to /home/david/ros2_mars_ws/install/mars_rover_control/lib/mars_rover_control
[0.988s] Installing spawn_entities script to /home/david/ros2_mars_ws/install/mars_rover_control/lib/mars_rover_control
[0.990s] writing list of installed files to '/home/david/ros2_mars_ws/build/mars_rover_control/install.log'
[1.012s] Invoked command in '/home/david/ros2_mars_ws/src/mars_rover_control' returned '0': CONDA_PROMPT_MODIFIER=(base) PYTHONPATH=/home/david/ros2_mars_ws/build/mars_rover_control/prefix_override:/usr/lib/python3/dist-packages/colcon_core/task/python/colcon_distutils_commands:/home/david/ros2_mars_ws/install/mars_rover_control/lib/python3.10/site-packages:${PYTHONPATH} /usr/bin/python3 -W ignore:setup.py install is deprecated -W ignore:easy_install command is deprecated setup.py egg_info --egg-base ../../build/mars_rover_control build --build-base /home/david/ros2_mars_ws/build/mars_rover_control/build install --record /home/david/ros2_mars_ws/build/mars_rover_control/install.log --single-version-externally-managed install_data
