[0.843s] Invoking command in '/home/david/ros2_mars_ws/src/mars_rover_control': CONDA_PROMPT_MODIFIER=(base) PYTHONPATH=/home/david/ros2_mars_ws/build/mars_rover_control/prefix_override:/usr/lib/python3/dist-packages/colcon_core/task/python/colcon_distutils_commands:/home/david/ros2_mars_ws/install/mars_rover_control/lib/python3.10/site-packages:${PYTHONPATH} /usr/bin/python3 -W ignore:setup.py install is deprecated -W ignore:easy_install command is deprecated setup.py egg_info --egg-base ../../build/mars_rover_control build --build-base /home/david/ros2_mars_ws/build/mars_rover_control/build install --record /home/david/ros2_mars_ws/build/mars_rover_control/install.log --single-version-externally-managed install_data
[1.135s] running egg_info
[1.135s] writing ../../build/mars_rover_control/mars_rover_control.egg-info/PKG-INFO
[1.136s] writing dependency_links to ../../build/mars_rover_control/mars_rover_control.egg-info/dependency_links.txt
[1.136s] writing entry points to ../../build/mars_rover_control/mars_rover_control.egg-info/entry_points.txt
[1.136s] writing requirements to ../../build/mars_rover_control/mars_rover_control.egg-info/requires.txt
[1.137s] writing top-level names to ../../build/mars_rover_control/mars_rover_control.egg-info/top_level.txt
[1.138s] reading manifest file '../../build/mars_rover_control/mars_rover_control.egg-info/SOURCES.txt'
[1.140s] writing manifest file '../../build/mars_rover_control/mars_rover_control.egg-info/SOURCES.txt'
[1.140s] running build
[1.140s] running build_py
[1.140s] copying mars_rover_control/obstacle_detector.py -> /home/david/ros2_mars_ws/build/mars_rover_control/build/lib/mars_rover_control
[1.141s] running install
[1.141s] running install_lib
[1.143s] copying /home/david/ros2_mars_ws/build/mars_rover_control/build/lib/mars_rover_control/obstacle_detector.py -> /home/david/ros2_mars_ws/install/mars_rover_control/lib/python3.10/site-packages/mars_rover_control
[1.144s] byte-compiling /home/david/ros2_mars_ws/install/mars_rover_control/lib/python3.10/site-packages/mars_rover_control/obstacle_detector.py to obstacle_detector.cpython-310.pyc
[1.145s] running install_data
[1.145s] copying models/mars_world.sdf -> /home/david/ros2_mars_ws/install/mars_rover_control/share/mars_rover_control/models
[1.145s] running install_egg_info
[1.148s] removing '/home/david/ros2_mars_ws/install/mars_rover_control/lib/python3.10/site-packages/mars_rover_control-0.0.0-py3.10.egg-info' (and everything under it)
[1.148s] Copying ../../build/mars_rover_control/mars_rover_control.egg-info to /home/david/ros2_mars_ws/install/mars_rover_control/lib/python3.10/site-packages/mars_rover_control-0.0.0-py3.10.egg-info
[1.151s] running install_scripts
[1.174s] Installing motion_command script to /home/david/ros2_mars_ws/install/mars_rover_control/lib/mars_rover_control
[1.174s] Installing obstacle_detector script to /home/david/ros2_mars_ws/install/mars_rover_control/lib/mars_rover_control
[1.174s] Installing spawn_entities script to /home/david/ros2_mars_ws/install/mars_rover_control/lib/mars_rover_control
[1.174s] writing list of installed files to '/home/david/ros2_mars_ws/build/mars_rover_control/install.log'
[1.209s] Invoked command in '/home/david/ros2_mars_ws/src/mars_rover_control' returned '0': CONDA_PROMPT_MODIFIER=(base) PYTHONPATH=/home/david/ros2_mars_ws/build/mars_rover_control/prefix_override:/usr/lib/python3/dist-packages/colcon_core/task/python/colcon_distutils_commands:/home/david/ros2_mars_ws/install/mars_rover_control/lib/python3.10/site-packages:${PYTHONPATH} /usr/bin/python3 -W ignore:setup.py install is deprecated -W ignore:easy_install command is deprecated setup.py egg_info --egg-base ../../build/mars_rover_control build --build-base /home/david/ros2_mars_ws/build/mars_rover_control/build install --record /home/david/ros2_mars_ws/build/mars_rover_control/install.log --single-version-externally-managed install_data
