[0.423s] DEBUG:colcon:Command line arguments: ['/usr/bin/colcon', 'build', '--packages-select', 'mars_rover_control']
[0.423s] DEBUG:colcon:Parsed command line arguments: Namespace(log_base=None, log_level=None, verb_name='build', build_base='build', install_base='install', merge_install=False, symlink_install=False, test_result_base=None, continue_on_error=False, executor='parallel', parallel_workers=12, event_handlers=None, ignore_user_meta=False, metas=['./colcon.meta'], base_paths=['.'], packages_ignore=None, packages_ignore_regex=None, paths=None, packages_up_to=None, packages_up_to_regex=None, packages_above=None, packages_above_and_dependencies=None, packages_above_depth=None, packages_select_by_dep=None, packages_skip_by_dep=None, packages_skip_up_to=None, packages_select_build_failed=False, packages_skip_build_finished=False, packages_select_test_failures=False, packages_skip_test_passed=False, packages_select=['mars_rover_control'], packages_skip=None, packages_select_regex=None, packages_skip_regex=None, packages_start=None, packages_end=None, allow_overriding=[], cmake_args=None, cmake_target=None, cmake_target_skip_unavailable=False, cmake_clean_cache=False, cmake_clean_first=False, cmake_force_configure=False, ament_cmake_args=None, catkin_cmake_args=None, catkin_skip_building_tests=False, verb_parser=<colcon_defaults.argument_parser.defaults.DefaultArgumentsDecorator object at 0x7ff1e8a28370>, verb_extension=<colcon_core.verb.build.BuildVerb object at 0x7ff1e8bb5780>, main=<bound method BuildVerb.main of <colcon_core.verb.build.BuildVerb object at 0x7ff1e8bb5780>>)
[0.811s] Level 1:colcon.colcon_core.package_discovery:discover_packages(colcon_meta) check parameters
[0.811s] Level 1:colcon.colcon_core.package_discovery:discover_packages(recursive) check parameters
[0.811s] Level 1:colcon.colcon_core.package_discovery:discover_packages(ignore) check parameters
[0.811s] Level 1:colcon.colcon_core.package_discovery:discover_packages(path) check parameters
[0.811s] Level 1:colcon.colcon_core.package_discovery:discover_packages(colcon_meta) discover
[0.811s] Level 1:colcon.colcon_core.package_discovery:discover_packages(recursive) discover
[0.811s] INFO:colcon.colcon_core.package_discovery:Crawling recursively for packages in '/home/david/ros2_mars_ws'
[0.811s] Level 1:colcon.colcon_core.package_identification:_identify(.) by extensions ['ignore', 'ignore_ament_install']
[0.811s] Level 1:colcon.colcon_core.package_identification:_identify(.) by extension 'ignore'
[0.811s] Level 1:colcon.colcon_core.package_identification:_identify(.) by extension 'ignore_ament_install'
[0.811s] Level 1:colcon.colcon_core.package_identification:_identify(.) by extensions ['colcon_pkg']
[0.811s] Level 1:colcon.colcon_core.package_identification:_identify(.) by extension 'colcon_pkg'
[0.811s] Level 1:colcon.colcon_core.package_identification:_identify(.) by extensions ['colcon_meta']
[0.811s] Level 1:colcon.colcon_core.package_identification:_identify(.) by extension 'colcon_meta'
[0.811s] Level 1:colcon.colcon_core.package_identification:_identify(.) by extensions ['ros']
[0.811s] Level 1:colcon.colcon_core.package_identification:_identify(.) by extension 'ros'
[0.828s] Level 1:colcon.colcon_core.package_identification:_identify(.) by extensions ['cmake', 'python']
[0.828s] Level 1:colcon.colcon_core.package_identification:_identify(.) by extension 'cmake'
[0.828s] Level 1:colcon.colcon_core.package_identification:_identify(.) by extension 'python'
[0.828s] Level 1:colcon.colcon_core.package_identification:_identify(.) by extensions ['python_setup_py']
[0.828s] Level 1:colcon.colcon_core.package_identification:_identify(.) by extension 'python_setup_py'
[0.828s] Level 1:colcon.colcon_core.package_identification:_identify(build) by extensions ['ignore', 'ignore_ament_install']
[0.829s] Level 1:colcon.colcon_core.package_identification:_identify(build) by extension 'ignore'
[0.829s] Level 1:colcon.colcon_core.package_identification:_identify(build) ignored
[0.829s] Level 1:colcon.colcon_core.package_identification:_identify(install) by extensions ['ignore', 'ignore_ament_install']
[0.829s] Level 1:colcon.colcon_core.package_identification:_identify(install) by extension 'ignore'
[0.829s] Level 1:colcon.colcon_core.package_identification:_identify(install) ignored
[0.829s] Level 1:colcon.colcon_core.package_identification:_identify(log) by extensions ['ignore', 'ignore_ament_install']
[0.829s] Level 1:colcon.colcon_core.package_identification:_identify(log) by extension 'ignore'
[0.829s] Level 1:colcon.colcon_core.package_identification:_identify(log) ignored
[0.829s] Level 1:colcon.colcon_core.package_identification:_identify(src) by extensions ['ignore', 'ignore_ament_install']
[0.830s] Level 1:colcon.colcon_core.package_identification:_identify(src) by extension 'ignore'
[0.830s] Level 1:colcon.colcon_core.package_identification:_identify(src) by extension 'ignore_ament_install'
[0.830s] Level 1:colcon.colcon_core.package_identification:_identify(src) by extensions ['colcon_pkg']
[0.830s] Level 1:colcon.colcon_core.package_identification:_identify(src) by extension 'colcon_pkg'
[0.830s] Level 1:colcon.colcon_core.package_identification:_identify(src) by extensions ['colcon_meta']
[0.830s] Level 1:colcon.colcon_core.package_identification:_identify(src) by extension 'colcon_meta'
[0.830s] Level 1:colcon.colcon_core.package_identification:_identify(src) by extensions ['ros']
[0.830s] Level 1:colcon.colcon_core.package_identification:_identify(src) by extension 'ros'
[0.830s] Level 1:colcon.colcon_core.package_identification:_identify(src) by extensions ['cmake', 'python']
[0.830s] Level 1:colcon.colcon_core.package_identification:_identify(src) by extension 'cmake'
[0.830s] Level 1:colcon.colcon_core.package_identification:_identify(src) by extension 'python'
[0.830s] Level 1:colcon.colcon_core.package_identification:_identify(src) by extensions ['python_setup_py']
[0.830s] Level 1:colcon.colcon_core.package_identification:_identify(src) by extension 'python_setup_py'
[0.830s] Level 1:colcon.colcon_core.package_identification:_identify(src/mars_rover_control) by extensions ['ignore', 'ignore_ament_install']
[0.830s] Level 1:colcon.colcon_core.package_identification:_identify(src/mars_rover_control) by extension 'ignore'
[0.830s] Level 1:colcon.colcon_core.package_identification:_identify(src/mars_rover_control) by extension 'ignore_ament_install'
[0.830s] Level 1:colcon.colcon_core.package_identification:_identify(src/mars_rover_control) by extensions ['colcon_pkg']
[0.830s] Level 1:colcon.colcon_core.package_identification:_identify(src/mars_rover_control) by extension 'colcon_pkg'
[0.830s] Level 1:colcon.colcon_core.package_identification:_identify(src/mars_rover_control) by extensions ['colcon_meta']
[0.831s] Level 1:colcon.colcon_core.package_identification:_identify(src/mars_rover_control) by extension 'colcon_meta'
[0.831s] Level 1:colcon.colcon_core.package_identification:_identify(src/mars_rover_control) by extensions ['ros']
[0.831s] Level 1:colcon.colcon_core.package_identification:_identify(src/mars_rover_control) by extension 'ros'
[0.834s] DEBUG:colcon.colcon_core.package_identification:Package 'src/mars_rover_control' with type 'ros.ament_python' and name 'mars_rover_control'
[0.834s] Level 1:colcon.colcon_core.package_discovery:discover_packages(recursive) using defaults
[0.834s] Level 1:colcon.colcon_core.package_discovery:discover_packages(ignore) discover
[0.834s] Level 1:colcon.colcon_core.package_discovery:discover_packages(ignore) using defaults
[0.834s] Level 1:colcon.colcon_core.package_discovery:discover_packages(path) discover
[0.834s] Level 1:colcon.colcon_core.package_discovery:discover_packages(path) using defaults
[0.884s] Level 1:colcon.colcon_core.package_discovery:discover_packages(prefix_path) check parameters
[0.884s] Level 1:colcon.colcon_core.package_discovery:discover_packages(prefix_path) discover
[0.890s] DEBUG:colcon.colcon_installed_package_information.package_discovery:Found 2 installed packages in /home/david/ros2_ws/install
[0.893s] DEBUG:colcon.colcon_installed_package_information.package_discovery:Found 308 installed packages in /opt/ros/humble
[0.894s] Level 1:colcon.colcon_core.package_discovery:discover_packages(prefix_path) using defaults
[1.000s] Level 5:colcon.colcon_core.verb:set package 'mars_rover_control' build argument 'cmake_args' from command line to 'None'
[1.000s] Level 5:colcon.colcon_core.verb:set package 'mars_rover_control' build argument 'cmake_target' from command line to 'None'
[1.001s] Level 5:colcon.colcon_core.verb:set package 'mars_rover_control' build argument 'cmake_target_skip_unavailable' from command line to 'False'
[1.001s] Level 5:colcon.colcon_core.verb:set package 'mars_rover_control' build argument 'cmake_clean_cache' from command line to 'False'
[1.001s] Level 5:colcon.colcon_core.verb:set package 'mars_rover_control' build argument 'cmake_clean_first' from command line to 'False'
[1.001s] Level 5:colcon.colcon_core.verb:set package 'mars_rover_control' build argument 'cmake_force_configure' from command line to 'False'
[1.001s] Level 5:colcon.colcon_core.verb:set package 'mars_rover_control' build argument 'ament_cmake_args' from command line to 'None'
[1.001s] Level 5:colcon.colcon_core.verb:set package 'mars_rover_control' build argument 'catkin_cmake_args' from command line to 'None'
[1.001s] Level 5:colcon.colcon_core.verb:set package 'mars_rover_control' build argument 'catkin_skip_building_tests' from command line to 'False'
[1.001s] DEBUG:colcon.colcon_core.verb:Building package 'mars_rover_control' with the following arguments: {'ament_cmake_args': None, 'build_base': '/home/david/ros2_mars_ws/build/mars_rover_control', 'catkin_cmake_args': None, 'catkin_skip_building_tests': False, 'cmake_args': None, 'cmake_clean_cache': False, 'cmake_clean_first': False, 'cmake_force_configure': False, 'cmake_target': None, 'cmake_target_skip_unavailable': False, 'install_base': '/home/david/ros2_mars_ws/install/mars_rover_control', 'merge_install': False, 'path': '/home/david/ros2_mars_ws/src/mars_rover_control', 'symlink_install': False, 'test_result_base': None}
[1.001s] INFO:colcon.colcon_core.executor:Executing jobs using 'parallel' executor
[1.002s] DEBUG:colcon.colcon_parallel_executor.executor.parallel:run_until_complete
[1.002s] INFO:colcon.colcon_ros.task.ament_python.build:Building ROS package in '/home/david/ros2_mars_ws/src/mars_rover_control' with build type 'ament_python'
[1.003s] Level 1:colcon.colcon_core.shell:create_environment_hook('mars_rover_control', 'ament_prefix_path')
[1.012s] INFO:colcon.colcon_core.plugin_system:Skipping extension 'colcon_core.shell.bat': Not used on non-Windows systems
[1.012s] INFO:colcon.colcon_core.shell:Creating environment hook '/home/david/ros2_mars_ws/install/mars_rover_control/share/mars_rover_control/hook/ament_prefix_path.ps1'
[1.013s] INFO:colcon.colcon_core.shell:Creating environment descriptor '/home/david/ros2_mars_ws/install/mars_rover_control/share/mars_rover_control/hook/ament_prefix_path.dsv'
[1.015s] INFO:colcon.colcon_core.shell:Creating environment hook '/home/david/ros2_mars_ws/install/mars_rover_control/share/mars_rover_control/hook/ament_prefix_path.sh'
[1.018s] INFO:colcon.colcon_core.shell:Skip shell extension 'powershell' for command environment: Not usable outside of PowerShell
[1.018s] DEBUG:colcon.colcon_core.shell:Skip shell extension 'dsv' for command environment
[1.267s] WARNING:colcon.colcon_ros.task.ament_python.build:Package 'mars_rover_control' doesn't explicitly install a marker in the package index (colcon-ros currently does it implicitly but that fallback will be removed in the future)
[1.269s] INFO:colcon.colcon_core.task.python.build:Building Python package in '/home/david/ros2_mars_ws/src/mars_rover_control'
[1.269s] INFO:colcon.colcon_core.shell:Skip shell extension 'powershell' for command environment: Not usable outside of PowerShell
[1.269s] DEBUG:colcon.colcon_core.shell:Skip shell extension 'dsv' for command environment
[1.745s] DEBUG:colcon.colcon_core.event_handler.log_command:Invoking command in '/home/david/ros2_mars_ws/src/mars_rover_control': CONDA_PROMPT_MODIFIER=(base) PYTHONPATH=/home/david/ros2_mars_ws/build/mars_rover_control/prefix_override:/usr/lib/python3/dist-packages/colcon_core/task/python/colcon_distutils_commands:/home/david/ros2_mars_ws/install/mars_rover_control/lib/python3.10/site-packages:${PYTHONPATH} /usr/bin/python3 -W ignore:setup.py install is deprecated -W ignore:easy_install command is deprecated setup.py egg_info --egg-base ../../build/mars_rover_control build --build-base /home/david/ros2_mars_ws/build/mars_rover_control/build install --record /home/david/ros2_mars_ws/build/mars_rover_control/install.log --single-version-externally-managed install_data
[2.030s] DEBUG:colcon.colcon_core.event_handler.log_command:Invoked command in '/home/david/ros2_mars_ws/src/mars_rover_control' returned '0': CONDA_PROMPT_MODIFIER=(base) PYTHONPATH=/home/david/ros2_mars_ws/build/mars_rover_control/prefix_override:/usr/lib/python3/dist-packages/colcon_core/task/python/colcon_distutils_commands:/home/david/ros2_mars_ws/install/mars_rover_control/lib/python3.10/site-packages:${PYTHONPATH} /usr/bin/python3 -W ignore:setup.py install is deprecated -W ignore:easy_install command is deprecated setup.py egg_info --egg-base ../../build/mars_rover_control build --build-base /home/david/ros2_mars_ws/build/mars_rover_control/build install --record /home/david/ros2_mars_ws/build/mars_rover_control/install.log --single-version-externally-managed install_data
[2.039s] Level 1:colcon.colcon_core.environment:checking '/home/david/ros2_mars_ws/install/mars_rover_control' for CMake module files
[2.041s] Level 1:colcon.colcon_core.environment:checking '/home/david/ros2_mars_ws/install/mars_rover_control' for CMake config files
[2.045s] Level 1:colcon.colcon_core.environment:checking '/home/david/ros2_mars_ws/install/mars_rover_control/lib'
[2.046s] Level 1:colcon.colcon_core.environment:checking '/home/david/ros2_mars_ws/install/mars_rover_control/bin'
[2.046s] Level 1:colcon.colcon_core.environment:checking '/home/david/ros2_mars_ws/install/mars_rover_control/lib/pkgconfig/mars_rover_control.pc'
[2.046s] Level 1:colcon.colcon_core.environment:checking '/home/david/ros2_mars_ws/install/mars_rover_control/lib/python3.10/site-packages'
[2.046s] Level 1:colcon.colcon_core.shell:create_environment_hook('mars_rover_control', 'pythonpath')
[2.046s] INFO:colcon.colcon_core.shell:Creating environment hook '/home/david/ros2_mars_ws/install/mars_rover_control/share/mars_rover_control/hook/pythonpath.ps1'
[2.047s] INFO:colcon.colcon_core.shell:Creating environment descriptor '/home/david/ros2_mars_ws/install/mars_rover_control/share/mars_rover_control/hook/pythonpath.dsv'
[2.047s] INFO:colcon.colcon_core.shell:Creating environment hook '/home/david/ros2_mars_ws/install/mars_rover_control/share/mars_rover_control/hook/pythonpath.sh'
[2.049s] Level 1:colcon.colcon_core.environment:checking '/home/david/ros2_mars_ws/install/mars_rover_control/bin'
[2.049s] Level 1:colcon.colcon_core.environment:create_environment_scripts_only(mars_rover_control)
[2.049s] INFO:colcon.colcon_core.shell:Creating package script '/home/david/ros2_mars_ws/install/mars_rover_control/share/mars_rover_control/package.ps1'
[2.050s] INFO:colcon.colcon_core.shell:Creating package descriptor '/home/david/ros2_mars_ws/install/mars_rover_control/share/mars_rover_control/package.dsv'
[2.051s] INFO:colcon.colcon_core.shell:Creating package script '/home/david/ros2_mars_ws/install/mars_rover_control/share/mars_rover_control/package.sh'
[2.052s] INFO:colcon.colcon_core.shell:Creating package script '/home/david/ros2_mars_ws/install/mars_rover_control/share/mars_rover_control/package.bash'
[2.053s] INFO:colcon.colcon_core.shell:Creating package script '/home/david/ros2_mars_ws/install/mars_rover_control/share/mars_rover_control/package.zsh'
[2.054s] Level 1:colcon.colcon_core.environment:create_file_with_runtime_dependencies(/home/david/ros2_mars_ws/install/mars_rover_control/share/colcon-core/packages/mars_rover_control)
[2.055s] DEBUG:colcon.colcon_parallel_executor.executor.parallel:closing loop
[2.055s] DEBUG:colcon.colcon_parallel_executor.executor.parallel:loop closed
[2.056s] DEBUG:colcon.colcon_parallel_executor.executor.parallel:run_until_complete finished with '0'
[2.056s] DEBUG:colcon.colcon_core.event_reactor:joining thread
[2.088s] INFO:colcon.colcon_core.plugin_system:Skipping extension 'colcon_notification.desktop_notification.notify_send': Could not find 'notify-send'
[2.088s] INFO:colcon.colcon_core.plugin_system:Skipping extension 'colcon_notification.desktop_notification.terminal_notifier': Not used on non-Darwin systems
[2.088s] INFO:colcon.colcon_core.plugin_system:Skipping extension 'colcon_notification.desktop_notification.win32': Not used on non-Windows systems
[2.088s] INFO:colcon.colcon_notification.desktop_notification:Sending desktop notification using 'notify2'
[2.089s] DEBUG:colcon.colcon_notification.desktop_notification.notify2:Failed to initialize notify2: org.freedesktop.DBus.Error.FileNotFound: Failed to connect to socket /run/user/1000/bus: No such file or directory
[2.089s] DEBUG:colcon.colcon_core.event_reactor:joined thread
[2.089s] INFO:colcon.colcon_core.shell:Creating prefix script '/home/david/ros2_mars_ws/install/local_setup.ps1'
[2.090s] INFO:colcon.colcon_core.shell:Creating prefix util module '/home/david/ros2_mars_ws/install/_local_setup_util_ps1.py'
[2.092s] INFO:colcon.colcon_core.shell:Creating prefix chain script '/home/david/ros2_mars_ws/install/setup.ps1'
[2.093s] INFO:colcon.colcon_core.shell:Creating prefix script '/home/david/ros2_mars_ws/install/local_setup.sh'
[2.094s] INFO:colcon.colcon_core.shell:Creating prefix util module '/home/david/ros2_mars_ws/install/_local_setup_util_sh.py'
[2.094s] INFO:colcon.colcon_core.shell:Creating prefix chain script '/home/david/ros2_mars_ws/install/setup.sh'
[2.096s] INFO:colcon.colcon_core.shell:Creating prefix script '/home/david/ros2_mars_ws/install/local_setup.bash'
[2.096s] INFO:colcon.colcon_core.shell:Creating prefix chain script '/home/david/ros2_mars_ws/install/setup.bash'
[2.097s] INFO:colcon.colcon_core.shell:Creating prefix script '/home/david/ros2_mars_ws/install/local_setup.zsh'
[2.098s] INFO:colcon.colcon_core.shell:Creating prefix chain script '/home/david/ros2_mars_ws/install/setup.zsh'
