[0.738s] Invoking command in '/home/david/ros2_mars_ws/src/mars_rover_control': CONDA_PROMPT_MODIFIER=(ros_env) PYTHONPATH=/home/david/ros2_mars_ws/build/mars_rover_control/prefix_override:/usr/lib/python3/dist-packages/colcon_core/task/python/colcon_distutils_commands:/home/david/ros2_mars_ws/install/mars_rover_control/lib/python3.10/site-packages:${PYTHONPATH} /usr/bin/python3 -W ignore:setup.py install is deprecated -W ignore:easy_install command is deprecated setup.py egg_info --egg-base ../../build/mars_rover_control build --build-base /home/david/ros2_mars_ws/build/mars_rover_control/build install --record /home/david/ros2_mars_ws/build/mars_rover_control/install.log --single-version-externally-managed install_data
[0.973s] running egg_info
[0.974s] writing ../../build/mars_rover_control/mars_rover_control.egg-info/PKG-INFO
[0.974s] writing dependency_links to ../../build/mars_rover_control/mars_rover_control.egg-info/dependency_links.txt
[0.974s] writing entry points to ../../build/mars_rover_control/mars_rover_control.egg-info/entry_points.txt
[0.974s] writing requirements to ../../build/mars_rover_control/mars_rover_control.egg-info/requires.txt
[0.975s] writing top-level names to ../../build/mars_rover_control/mars_rover_control.egg-info/top_level.txt
[0.976s] reading manifest file '../../build/mars_rover_control/mars_rover_control.egg-info/SOURCES.txt'
[0.977s] writing manifest file '../../build/mars_rover_control/mars_rover_control.egg-info/SOURCES.txt'
[0.977s] running build
[0.977s] running build_py
[0.977s] running install
[0.978s] running install_lib
[0.980s] running install_data
[0.980s] running install_egg_info
[0.982s] removing '/home/david/ros2_mars_ws/install/mars_rover_control/lib/python3.10/site-packages/mars_rover_control-0.0.0-py3.10.egg-info' (and everything under it)
[0.982s] Copying ../../build/mars_rover_control/mars_rover_control.egg-info to /home/david/ros2_mars_ws/install/mars_rover_control/lib/python3.10/site-packages/mars_rover_control-0.0.0-py3.10.egg-info
[0.985s] running install_scripts
[1.010s] Installing motion_command script to /home/david/ros2_mars_ws/install/mars_rover_control/lib/mars_rover_control
[1.010s] Installing obstacle_detector script to /home/david/ros2_mars_ws/install/mars_rover_control/lib/mars_rover_control
[1.010s] Installing spawn_entities script to /home/david/ros2_mars_ws/install/mars_rover_control/lib/mars_rover_control
[1.011s] writing list of installed files to '/home/david/ros2_mars_ws/build/mars_rover_control/install.log'
[1.049s] Invoked command in '/home/david/ros2_mars_ws/src/mars_rover_control' returned '0': CONDA_PROMPT_MODIFIER=(ros_env) PYTHONPATH=/home/david/ros2_mars_ws/build/mars_rover_control/prefix_override:/usr/lib/python3/dist-packages/colcon_core/task/python/colcon_distutils_commands:/home/david/ros2_mars_ws/install/mars_rover_control/lib/python3.10/site-packages:${PYTHONPATH} /usr/bin/python3 -W ignore:setup.py install is deprecated -W ignore:easy_install command is deprecated setup.py egg_info --egg-base ../../build/mars_rover_control build --build-base /home/david/ros2_mars_ws/build/mars_rover_control/build install --record /home/david/ros2_mars_ws/build/mars_rover_control/install.log --single-version-externally-managed install_data
