running egg_info
creating ../../build/mars_rover_control/mars_rover_control.egg-info
writing ../../build/mars_rover_control/mars_rover_control.egg-info/PKG-INFO
writing dependency_links to ../../build/mars_rover_control/mars_rover_control.egg-info/dependency_links.txt
writing entry points to ../../build/mars_rover_control/mars_rover_control.egg-info/entry_points.txt
writing requirements to ../../build/mars_rover_control/mars_rover_control.egg-info/requires.txt
writing top-level names to ../../build/mars_rover_control/mars_rover_control.egg-info/top_level.txt
writing manifest file '../../build/mars_rover_control/mars_rover_control.egg-info/SOURCES.txt'
reading manifest file '../../build/mars_rover_control/mars_rover_control.egg-info/SOURCES.txt'
writing manifest file '../../build/mars_rover_control/mars_rover_control.egg-info/SOURCES.txt'
running build
running build_py
creating /home/david/ros2_mars_ws/build/mars_rover_control/build
creating /home/david/ros2_mars_ws/build/mars_rover_control/build/lib
creating /home/david/ros2_mars_ws/build/mars_rover_control/build/lib/mars_rover_control
copying mars_rover_control/motion_command.py -> /home/david/ros2_mars_ws/build/mars_rover_control/build/lib/mars_rover_control
copying mars_rover_control/spawn_entities.py -> /home/david/ros2_mars_ws/build/mars_rover_control/build/lib/mars_rover_control
copying mars_rover_control/__init__.py -> /home/david/ros2_mars_ws/build/mars_rover_control/build/lib/mars_rover_control
copying mars_rover_control/obstacle_detector.py -> /home/david/ros2_mars_ws/build/mars_rover_control/build/lib/mars_rover_control
running install
running install_lib
creating /home/david/ros2_mars_ws/install/mars_rover_control/lib/python3.10/site-packages/mars_rover_control
copying /home/david/ros2_mars_ws/build/mars_rover_control/build/lib/mars_rover_control/motion_command.py -> /home/david/ros2_mars_ws/install/mars_rover_control/lib/python3.10/site-packages/mars_rover_control
copying /home/david/ros2_mars_ws/build/mars_rover_control/build/lib/mars_rover_control/spawn_entities.py -> /home/david/ros2_mars_ws/install/mars_rover_control/lib/python3.10/site-packages/mars_rover_control
copying /home/david/ros2_mars_ws/build/mars_rover_control/build/lib/mars_rover_control/__init__.py -> /home/david/ros2_mars_ws/install/mars_rover_control/lib/python3.10/site-packages/mars_rover_control
copying /home/david/ros2_mars_ws/build/mars_rover_control/build/lib/mars_rover_control/obstacle_detector.py -> /home/david/ros2_mars_ws/install/mars_rover_control/lib/python3.10/site-packages/mars_rover_control
byte-compiling /home/david/ros2_mars_ws/install/mars_rover_control/lib/python3.10/site-packages/mars_rover_control/motion_command.py to motion_command.cpython-310.pyc
byte-compiling /home/david/ros2_mars_ws/install/mars_rover_control/lib/python3.10/site-packages/mars_rover_control/spawn_entities.py to spawn_entities.cpython-310.pyc
byte-compiling /home/david/ros2_mars_ws/install/mars_rover_control/lib/python3.10/site-packages/mars_rover_control/__init__.py to __init__.cpython-310.pyc
byte-compiling /home/david/ros2_mars_ws/install/mars_rover_control/lib/python3.10/site-packages/mars_rover_control/obstacle_detector.py to obstacle_detector.cpython-310.pyc
running install_data
copying package.xml -> /home/david/ros2_mars_ws/install/mars_rover_control/share/mars_rover_control
creating /home/david/ros2_mars_ws/install/mars_rover_control/share/mars_rover_control/launch
copying launch/rover_launch.py -> /home/david/ros2_mars_ws/install/mars_rover_control/share/mars_rover_control/launch
creating /home/david/ros2_mars_ws/install/mars_rover_control/share/mars_rover_control/models
copying models/mars_world.sdf -> /home/david/ros2_mars_ws/install/mars_rover_control/share/mars_rover_control/models
running install_egg_info
Copying ../../build/mars_rover_control/mars_rover_control.egg-info to /home/david/ros2_mars_ws/install/mars_rover_control/lib/python3.10/site-packages/mars_rover_control-0.0.0-py3.10.egg-info
running install_scripts
Installing motion_command script to /home/david/ros2_mars_ws/install/mars_rover_control/lib/mars_rover_control
Installing obstacle_detector script to /home/david/ros2_mars_ws/install/mars_rover_control/lib/mars_rover_control
Installing spawn_entities script to /home/david/ros2_mars_ws/install/mars_rover_control/lib/mars_rover_control
writing list of installed files to '/home/david/ros2_mars_ws/build/mars_rover_control/install.log'
