running egg_info
writing ../../build/mars_rover_control/mars_rover_control.egg-info/PKG-INFO
writing dependency_links to ../../build/mars_rover_control/mars_rover_control.egg-info/dependency_links.txt
writing entry points to ../../build/mars_rover_control/mars_rover_control.egg-info/entry_points.txt
writing requirements to ../../build/mars_rover_control/mars_rover_control.egg-info/requires.txt
writing top-level names to ../../build/mars_rover_control/mars_rover_control.egg-info/top_level.txt
reading manifest file '../../build/mars_rover_control/mars_rover_control.egg-info/SOURCES.txt'
writing manifest file '../../build/mars_rover_control/mars_rover_control.egg-info/SOURCES.txt'
running build
running build_py
copying mars_rover_control/motion_command.py -> /home/david/ros2_mars_ws/build/mars_rover_control/build/lib/mars_rover_control
running install
running install_lib
copying /home/david/ros2_mars_ws/build/mars_rover_control/build/lib/mars_rover_control/motion_command.py -> /home/david/ros2_mars_ws/install/mars_rover_control/lib/python3.10/site-packages/mars_rover_control
byte-compiling /home/david/ros2_mars_ws/install/mars_rover_control/lib/python3.10/site-packages/mars_rover_control/motion_command.py to motion_command.cpython-310.pyc
Sorry: IndentationError: unexpected indent (motion_command.py, line 26)
running install_data
running install_egg_info
removing '/home/david/ros2_mars_ws/install/mars_rover_control/lib/python3.10/site-packages/mars_rover_control-0.0.0-py3.10.egg-info' (and everything under it)
Copying ../../build/mars_rover_control/mars_rover_control.egg-info to /home/david/ros2_mars_ws/install/mars_rover_control/lib/python3.10/site-packages/mars_rover_control-0.0.0-py3.10.egg-info
running install_scripts
Installing motion_command script to /home/david/ros2_mars_ws/install/mars_rover_control/lib/mars_rover_control
Installing obstacle_detector script to /home/david/ros2_mars_ws/install/mars_rover_control/lib/mars_rover_control
Installing spawn_entities script to /home/david/ros2_mars_ws/install/mars_rover_control/lib/mars_rover_control
writing list of installed files to '/home/david/ros2_mars_ws/build/mars_rover_control/install.log'
