/home/david/ros2_mars_ws/install/mars_rover_control/lib/python3.10/site-packages/mars_rover_control/motion_command.py
/home/david/ros2_mars_ws/install/mars_rover_control/lib/python3.10/site-packages/mars_rover_control/__init__.py
/home/david/ros2_mars_ws/install/mars_rover_control/lib/python3.10/site-packages/mars_rover_control/obstacle_detector.py
/home/david/ros2_mars_ws/install/mars_rover_control/lib/python3.10/site-packages/mars_rover_control/envs/__init__.py
/home/david/ros2_mars_ws/install/mars_rover_control/lib/python3.10/site-packages/mars_rover_control/envs/mars_rover_env.py
/home/david/ros2_mars_ws/install/mars_rover_control/lib/python3.10/site-packages/mars_rover_control/__pycache__/motion_command.cpython-310.pyc
/home/david/ros2_mars_ws/install/mars_rover_control/lib/python3.10/site-packages/mars_rover_control/__pycache__/__init__.cpython-310.pyc
/home/david/ros2_mars_ws/install/mars_rover_control/lib/python3.10/site-packages/mars_rover_control/__pycache__/obstacle_detector.cpython-310.pyc
/home/david/ros2_mars_ws/install/mars_rover_control/lib/python3.10/site-packages/mars_rover_control/envs/__pycache__/__init__.cpython-310.pyc
/home/david/ros2_mars_ws/install/mars_rover_control/lib/python3.10/site-packages/mars_rover_control/envs/__pycache__/mars_rover_env.cpython-310.pyc
/home/david/ros2_mars_ws/install/mars_rover_control/share/mars_rover_control/package.xml
/home/david/ros2_mars_ws/install/mars_rover_control/share/mars_rover_control/launch/rover_launch.py
/home/david/ros2_mars_ws/install/mars_rover_control/share/mars_rover_control/models/mars_world.sdf
/home/david/ros2_mars_ws/install/mars_rover_control/lib/python3.10/site-packages/mars_rover_control-0.0.0-py3.10.egg-info/top_level.txt
/home/david/ros2_mars_ws/install/mars_rover_control/lib/python3.10/site-packages/mars_rover_control-0.0.0-py3.10.egg-info/entry_points.txt
/home/david/ros2_mars_ws/install/mars_rover_control/lib/python3.10/site-packages/mars_rover_control-0.0.0-py3.10.egg-info/SOURCES.txt
/home/david/ros2_mars_ws/install/mars_rover_control/lib/python3.10/site-packages/mars_rover_control-0.0.0-py3.10.egg-info/dependency_links.txt
/home/david/ros2_mars_ws/install/mars_rover_control/lib/python3.10/site-packages/mars_rover_control-0.0.0-py3.10.egg-info/PKG-INFO
/home/david/ros2_mars_ws/install/mars_rover_control/lib/python3.10/site-packages/mars_rover_control-0.0.0-py3.10.egg-info/requires.txt
/home/david/ros2_mars_ws/install/mars_rover_control/lib/python3.10/site-packages/mars_rover_control-0.0.0-py3.10.egg-info/zip-safe
/home/david/ros2_mars_ws/install/mars_rover_control/lib/mars_rover_control/motion_command
/home/david/ros2_mars_ws/install/mars_rover_control/lib/mars_rover_control/obstacle_detector
